  OBJparser.cpp
C:\Users\Playa\Desktop\OBJparser\OBJparser\OBJparser.cpp(75,31): warning C4018: '<=': signed/unsigned mismatch
C:\Users\Playa\Desktop\OBJparser\OBJparser\OBJparser.cpp(93,31): warning C4018: '<=': signed/unsigned mismatch
C:\Users\Playa\Desktop\OBJparser\OBJparser\OBJparser.cpp(111,31): warning C4018: '<=': signed/unsigned mismatch
C:\Program Files (x86)\Microsoft Visual Studio\2019\Community\VC\Tools\MSVC\14.25.28610\include\utility(151,16): warning C4244: 'initializing': conversion from '_Ty' to '_Ty1', possible loss of data
          with
          [
              _Ty=float
          ]
          and
          [
              _Ty1=const int
          ]
C:\Users\Playa\Desktop\OBJparser\OBJparser\OBJparser.cpp(41): message : see reference to function template instantiation 'std::pair<const int,int>::pair<float,float,0>(_Other1 &&,_Other2 &&) noexcept' being compiled
          with
          [
              _Other1=float,
              _Other2=float
          ]
C:\Users\Playa\Desktop\OBJparser\OBJparser\OBJparser.cpp(41): message : see reference to function template instantiation 'std::pair<const int,int>::pair<float,float,0>(_Other1 &&,_Other2 &&) noexcept' being compiled
          with
          [
              _Other1=float,
              _Other2=float
          ]
C:\Program Files (x86)\Microsoft Visual Studio\2019\Community\VC\Tools\MSVC\14.25.28610\include\utility(151,1): warning C4244: 'initializing': conversion from '_Ty' to '_Ty2', possible loss of data
          with
          [
              _Ty=float
          ]
          and
          [
              _Ty2=int
          ]
  OBJparser.vcxproj -> C:\Users\Playa\Desktop\OBJparser\Debug\OBJparser.exe
